c:\users\erick\source\repos\object_roguelike\object_roguelike\release\vc141.pdb
c:\users\erick\source\repos\object_roguelike\object_roguelike\release\monsters.obj
c:\users\erick\source\repos\object_roguelike\object_roguelike\release\map.obj
c:\users\erick\source\repos\object_roguelike\object_roguelike\release\player.obj
c:\users\erick\source\repos\object_roguelike\object_roguelike\release\console.obj
c:\users\erick\source\repos\object_roguelike\object_roguelike\release\tile.obj
c:\users\erick\source\repos\object_roguelike\object_roguelike\release\objectroguelike.obj
c:\users\erick\source\repos\object_roguelike\object_roguelike\release\enemy.obj
c:\users\erick\source\repos\object_roguelike\object_roguelike\release\object_roguelike.pch
c:\users\erick\source\repos\object_roguelike\object_roguelike\release\stdafx.obj
c:\users\erick\source\repos\object_roguelike\release\object_roguelike.exe
c:\users\erick\source\repos\object_roguelike\release\object_roguelike.pdb
c:\users\erick\source\repos\object_roguelike\release\object_roguelike.ipdb
c:\users\erick\source\repos\object_roguelike\release\object_roguelike.iobj
c:\users\erick\source\repos\object_roguelike\object_roguelike\release\object_roguelike.tlog\cl.command.1.tlog
c:\users\erick\source\repos\object_roguelike\object_roguelike\release\object_roguelike.tlog\cl.read.1.tlog
c:\users\erick\source\repos\object_roguelike\object_roguelike\release\object_roguelike.tlog\cl.write.1.tlog
c:\users\erick\source\repos\object_roguelike\object_roguelike\release\object_roguelike.tlog\link.command.1.tlog
c:\users\erick\source\repos\object_roguelike\object_roguelike\release\object_roguelike.tlog\link.read.1.tlog
c:\users\erick\source\repos\object_roguelike\object_roguelike\release\object_roguelike.tlog\link.write.1.tlog
c:\users\erick\source\repos\object_roguelike\object_roguelike\release\object_roguelike.tlog\object_roguelike.write.1u.tlog
