c:\users\erick\documents\github\roguelike-project\object_roguelike\x64\debug\vc141.pdb
c:\users\erick\documents\github\roguelike-project\object_roguelike\x64\debug\vc141.idb
c:\users\erick\documents\github\roguelike-project\object_roguelike\x64\debug\weapon.obj
c:\users\erick\documents\github\roguelike-project\object_roguelike\x64\debug\tile.obj
c:\users\erick\documents\github\roguelike-project\object_roguelike\x64\debug\spells.obj
c:\users\erick\documents\github\roguelike-project\object_roguelike\x64\debug\spell.obj
c:\users\erick\documents\github\roguelike-project\object_roguelike\x64\debug\player.obj
c:\users\erick\documents\github\roguelike-project\object_roguelike\x64\debug\objectroguelike.obj
c:\users\erick\documents\github\roguelike-project\object_roguelike\x64\debug\monsters.obj
c:\users\erick\documents\github\roguelike-project\object_roguelike\x64\debug\map.obj
c:\users\erick\documents\github\roguelike-project\object_roguelike\x64\debug\items.obj
c:\users\erick\documents\github\roguelike-project\object_roguelike\x64\debug\enemy.obj
c:\users\erick\documents\github\roguelike-project\object_roguelike\x64\debug\console.obj
c:\users\erick\documents\github\roguelike-project\object_roguelike\x64\debug\armour.obj
c:\users\erick\documents\github\roguelike-project\object_roguelike\x64\debug\sdlfuncs.obj
c:\users\erick\documents\github\roguelike-project\object_roguelike\x64\debug\object_roguelike.pch
c:\users\erick\documents\github\roguelike-project\object_roguelike\x64\debug\stdafx.obj
c:\users\erick\documents\github\roguelike-project\object_roguelike\x64\debug\wall.obj
c:\users\erick\documents\github\roguelike-project\object_roguelike\x64\debug\floor.obj
c:\users\erick\documents\github\roguelike-project\object_roguelike\x64\debug\texture.obj
c:\users\erick\documents\github\roguelike-project\x64\debug\object_roguelike.pdb
c:\users\erick\documents\github\roguelike-project\object_roguelike\x64\debug\object_roguelike.tlog\cl.command.1.tlog
c:\users\erick\documents\github\roguelike-project\object_roguelike\x64\debug\object_roguelike.tlog\cl.read.1.tlog
c:\users\erick\documents\github\roguelike-project\object_roguelike\x64\debug\object_roguelike.tlog\cl.write.1.tlog
c:\users\erick\documents\github\roguelike-project\object_roguelike\x64\debug\object_roguelike.tlog\link.1088-cvtres.read.1.tlog
c:\users\erick\documents\github\roguelike-project\object_roguelike\x64\debug\object_roguelike.tlog\link.1088-cvtres.write.1.tlog
c:\users\erick\documents\github\roguelike-project\object_roguelike\x64\debug\object_roguelike.tlog\link.1088-rc.read.1.tlog
c:\users\erick\documents\github\roguelike-project\object_roguelike\x64\debug\object_roguelike.tlog\link.1088-rc.write.1.tlog
c:\users\erick\documents\github\roguelike-project\object_roguelike\x64\debug\object_roguelike.tlog\link.1088.read.1.tlog
c:\users\erick\documents\github\roguelike-project\object_roguelike\x64\debug\object_roguelike.tlog\link.1088.write.1.tlog
c:\users\erick\documents\github\roguelike-project\object_roguelike\x64\debug\object_roguelike.tlog\link.command.1.tlog
c:\users\erick\documents\github\roguelike-project\object_roguelike\x64\debug\object_roguelike.tlog\link.read.1.tlog
c:\users\erick\documents\github\roguelike-project\object_roguelike\x64\debug\object_roguelike.tlog\link.write.1.tlog
