  stdafx.cpp
  Armour.cpp
c:\users\erick\documents\github\roguelike-project\object_roguelike\armour.cpp(24): fatal error C1010: unexpected end of file while looking for precompiled header. Did you forget to add '#include "stdafx.h"' to your source?
  Enemy.cpp
c:\users\erick\documents\github\roguelike-project\object_roguelike\sdlfuncs.h(2): fatal error C1083: Cannot open include file: 'SDL.h': No such file or directory
  Exit.cpp
c:\users\erick\documents\github\roguelike-project\object_roguelike\exit.cpp(21): fatal error C1010: unexpected end of file while looking for precompiled header. Did you forget to add '#include "stdafx.h"' to your source?
  Floor.cpp
c:\users\erick\documents\github\roguelike-project\object_roguelike\floor.cpp(52): fatal error C1010: unexpected end of file while looking for precompiled header. Did you forget to add '#include "stdafx.h"' to your source?
  GUI.cpp
c:\users\erick\documents\github\roguelike-project\object_roguelike\gui.cpp(216): fatal error C1010: unexpected end of file while looking for precompiled header. Did you forget to add '#include "stdafx.h"' to your source?
  Items.cpp
c:\users\erick\documents\github\roguelike-project\object_roguelike\sdlfuncs.h(2): fatal error C1083: Cannot open include file: 'SDL.h': No such file or directory
  Map.cpp
c:\users\erick\documents\github\roguelike-project\object_roguelike\sdlfuncs.h(2): fatal error C1083: Cannot open include file: 'SDL.h': No such file or directory
  Monsters.cpp
c:\users\erick\documents\github\roguelike-project\object_roguelike\sdlfuncs.h(2): fatal error C1083: Cannot open include file: 'SDL.h': No such file or directory
  ObjectRoguelike.cpp
c:\users\erick\documents\github\roguelike-project\object_roguelike\sdlfuncs.h(2): fatal error C1083: Cannot open include file: 'SDL.h': No such file or directory
  Player.cpp
c:\users\erick\documents\github\roguelike-project\object_roguelike\sdlfuncs.h(2): fatal error C1083: Cannot open include file: 'SDL.h': No such file or directory
  SDLFuncs.cpp
c:\users\erick\documents\github\roguelike-project\object_roguelike\sdlfuncs.cpp(230): fatal error C1010: unexpected end of file while looking for precompiled header. Did you forget to add '#include "stdafx.h"' to your source?
  Spell.cpp
c:\users\erick\documents\github\roguelike-project\object_roguelike\spell.cpp(369): fatal error C1010: unexpected end of file while looking for precompiled header. Did you forget to add '#include "stdafx.h"' to your source?
  Spells.cpp
c:\users\erick\documents\github\roguelike-project\object_roguelike\spells.cpp(192): fatal error C1010: unexpected end of file while looking for precompiled header. Did you forget to add '#include "stdafx.h"' to your source?
  Texture.cpp
c:\users\erick\documents\github\roguelike-project\object_roguelike\texture.cpp(259): fatal error C1010: unexpected end of file while looking for precompiled header. Did you forget to add '#include "stdafx.h"' to your source?
  Tile.cpp
c:\users\erick\documents\github\roguelike-project\object_roguelike\sdlfuncs.h(2): fatal error C1083: Cannot open include file: 'SDL.h': No such file or directory
  Wall.cpp
c:\users\erick\documents\github\roguelike-project\object_roguelike\wall.cpp(52): fatal error C1010: unexpected end of file while looking for precompiled header. Did you forget to add '#include "stdafx.h"' to your source?
  Weapon.cpp
c:\users\erick\documents\github\roguelike-project\object_roguelike\sdlfuncs.h(2): fatal error C1083: Cannot open include file: 'SDL.h': No such file or directory
